==213779== Callgrind, a call-graph generating cache profiler
==213779== Copyright (C) 2002-2017, and GNU GPL'd, by Josef Weidendorfer et al.
==213779== Using Valgrind-3.18.1 and LibVEX; rerun with -h for copyright info
==213779== Command: ./pearson ./data/1024.data test.txt
==213779== 
==213779== For interactive control, run 'callgrind_control -h'.
==213779== brk segment overflow in thread #1: can't grow to 0x4850000
==213779== (see section Limitations in user manual)
==213779== NOTE: further instances of this message will not be shown
==213779== 
==213779== Process terminating with default action of signal 2 (SIGINT)
==213779==    at 0x10C24B: Vector::Vector(Vector const&) (vector.cpp:40)
==213779==    by 0x10C3DD: Vector::magnitude() const (vector.cpp:78)
==213779==    by 0x10D9D7: Analysis::pearson(Vector, Vector) (analysis.cpp:37)
==213779==    by 0x10D827: Analysis::correlation_coefficients(std::vector<Vector, std::allocator<Vector> >) (analysis.cpp:20)
==213779==    by 0x10A8C3: main (pearson.cpp:18)
==213779== 
==213779== Events    : Ir
==213779== Collected : 11061045409
==213779== 
==213779== I   refs:      11,061,045,409
